2017-05-25 23:32:32,375 [Worker#STA_NP] INFO - Logger Initialized
2017-05-25 23:32:35,245 [Worker#STA_NP] INFO - Testing the frameworklogger
2017-05-25 23:32:35,245 [Worker#STA_NP] INFO - Setting the Implicit wait time to 10 seconds
2017-05-25 23:32:35,249 [Worker#STA_NP] INFO - Setting the Scripttimeout to 10 seconds
2017-05-25 23:32:39,177 [Worker#STA_NP] INFO - Setting the user.name to value Luke
2017-05-25 23:32:39,349 [Worker#STA_NP] INFO - Setting the user.password to value Skywalker
2017-05-25 23:32:39,518 [Worker#STA_NP] INFO - Clicking the Login 
2017-05-25 23:32:42,641 [Worker#STA_NP] INFO - Found 438 employees
2017-05-25 23:32:43,718 [Worker#STA_NP] INFO - deletig the Adamfb5f6a62-e43c-4624-af3c-43015db49c2befc0c675-e898-4134-ab9d-1f2e24878178 Tri entry
2017-05-25 23:32:43,764 [Worker#STA_NP] INFO - Clicking the Adamfb5f6a62-e43c-4624-af3c-43015db49c2befc0c675-e898-4134-ab9d-1f2e24878178 Tri 
2017-05-25 23:32:43,916 [Worker#STA_NP] INFO - Clicking the Delete 
2017-05-25 23:32:44,260 [Worker#STA_NP] INFO - deletig the neha0cb025c4-0b5f-41d6-abe8-e33edd4cb301 pawar entry
2017-05-25 23:32:44,305 [Worker#STA_NP] INFO - Clicking the neha0cb025c4-0b5f-41d6-abe8-e33edd4cb301 pawar 
2017-05-25 23:32:44,393 [Worker#STA_NP] INFO - Clicking the Delete 
2017-05-25 23:32:44,820 [Worker#STA_NP] INFO - deletig the CRSPa945060b-9af1-48d8-b9db-96bb3a6ff4c0 Tester entry
2017-05-25 23:32:44,870 [Worker#STA_NP] INFO - Clicking the CRSPa945060b-9af1-48d8-b9db-96bb3a6ff4c0 Tester 
2017-05-25 23:32:44,969 [Worker#STA_NP] INFO - Clicking the Delete 
2017-05-25 23:32:45,548 [Worker#STA_NP] INFO - deletig the Yassinef274d45b-766d-45d7-9517-5c924cd6993c Fath entry
2017-05-25 23:32:45,598 [Worker#STA_NP] INFO - Clicking the Yassinef274d45b-766d-45d7-9517-5c924cd6993c Fath 
2017-05-25 23:32:45,701 [Worker#STA_NP] INFO - Clicking the Delete 
2017-05-25 23:32:46,295 [Worker#STA_NP] INFO - deletig the Jamesd7a65af3-4ec3-4f9e-a170-111a3ab07796 Peter entry
2017-05-25 23:32:46,349 [Worker#STA_NP] INFO - Clicking the Jamesd7a65af3-4ec3-4f9e-a170-111a3ab07796 Peter 
2017-05-25 23:32:46,438 [Worker#STA_NP] INFO - Clicking the Delete 
2017-05-25 23:32:46,714 [Worker#STA_NP] INFO - deletig the CRSPaa41986c-d33e-404b-a05e-23d9434be5d1 Tester entry
2017-05-25 23:32:46,776 [Worker#STA_NP] INFO - Clicking the CRSPaa41986c-d33e-404b-a05e-23d9434be5d1 Tester 
2017-05-25 23:32:46,873 [Worker#STA_NP] INFO - Clicking the Delete 
2017-05-25 23:34:08,059 [Worker#STA_NP] INFO - Logger Initialized
2017-05-25 23:34:10,941 [Worker#STA_NP] INFO - Testing the frameworklogger
2017-05-25 23:34:10,941 [Worker#STA_NP] INFO - Setting the Implicit wait time to 10 seconds
2017-05-25 23:34:10,944 [Worker#STA_NP] INFO - Setting the Scripttimeout to 10 seconds
2017-05-25 23:34:14,950 [Worker#STA_NP] INFO - Setting the user.name to value Luke
2017-05-25 23:34:15,056 [Worker#STA_NP] INFO - Setting the user.password to value Skywalker
2017-05-25 23:34:15,197 [Worker#STA_NP] INFO - Clicking the Login 
2017-05-25 23:34:18,528 [Worker#STA_NP] INFO - Found 433 employees
2017-05-25 23:34:20,375 [Worker#STA_NP] INFO - deletig the CRSPaa41986c-d33e-404b-a05e-23d9434be5d1 Tester entry
2017-05-25 23:34:20,419 [Worker#STA_NP] INFO - Clicking the CRSPaa41986c-d33e-404b-a05e-23d9434be5d1 Tester 
2017-05-25 23:34:20,550 [Worker#STA_NP] INFO - Clicking the Delete 
2017-05-25 23:34:20,935 [Worker#STA_NP] INFO - deletig the Yassinefd094704-b5fd-4e61-a3fb-04af07bfb652 Fath entry
2017-05-25 23:34:20,984 [Worker#STA_NP] INFO - Clicking the Yassinefd094704-b5fd-4e61-a3fb-04af07bfb652 Fath 
2017-05-25 23:34:21,071 [Worker#STA_NP] INFO - Clicking the Delete 
2017-05-25 23:34:21,403 [Worker#STA_NP] INFO - deletig the CRSP398b22fa-4af8-4365-860d-2c72af8f6dba Tester entry
2017-05-25 23:34:21,454 [Worker#STA_NP] INFO - Clicking the CRSP398b22fa-4af8-4365-860d-2c72af8f6dba Tester 
2017-05-25 23:34:21,546 [Worker#STA_NP] INFO - Clicking the Delete 
2017-05-25 23:34:21,739 [Worker#STA_NP] INFO - deletig the CRSP86a201c0-bb5f-4226-9472-2154bb81773d Tester entry
2017-05-25 23:34:21,789 [Worker#STA_NP] INFO - Clicking the CRSP86a201c0-bb5f-4226-9472-2154bb81773d Tester 
2017-05-25 23:34:21,891 [Worker#STA_NP] INFO - Clicking the Delete 
2017-05-25 23:34:22,131 [Worker#STA_NP] INFO - deletig the Tom94ad07b4-6801-47ae-88dd-3e6eb55add6b Hardys entry
2017-05-25 23:34:22,182 [Worker#STA_NP] INFO - Clicking the Tom94ad07b4-6801-47ae-88dd-3e6eb55add6b Hardys 
2017-05-25 23:34:22,600 [Worker#STA_NP] INFO - Clicking the Delete 
2017-05-25 23:35:29,121 [Worker#STA_NP] INFO - Logger Initialized
2017-05-25 23:35:31,985 [Worker#STA_NP] INFO - Testing the frameworklogger
2017-05-25 23:35:31,985 [Worker#STA_NP] INFO - Setting the Implicit wait time to 10 seconds
2017-05-25 23:35:31,989 [Worker#STA_NP] INFO - Setting the Scripttimeout to 10 seconds
2017-05-25 23:35:35,439 [Worker#STA_NP] INFO - Setting the user.name to value Luke
2017-05-25 23:35:35,535 [Worker#STA_NP] INFO - Setting the user.password to value Skywalker
2017-05-25 23:35:35,656 [Worker#STA_NP] INFO - Clicking the Login 
2017-05-25 23:35:38,548 [Worker#STA_NP] INFO - Found 429 employees
2017-05-25 23:35:41,104 [Worker#STA_NP] INFO - deletig the Tom94ad07b4-6801-47ae-88dd-3e6eb55add6b Hardys entry
2017-05-25 23:35:41,148 [Worker#STA_NP] INFO - Clicking the Tom94ad07b4-6801-47ae-88dd-3e6eb55add6b Hardys 
2017-05-25 23:35:41,285 [Worker#STA_NP] INFO - Clicking the Delete 
2017-05-25 23:35:41,518 [Worker#STA_NP] INFO - deletig the CRSPc01a137d-1a78-4965-8e25-231128ee0a20 Tester entry
2017-05-25 23:35:41,569 [Worker#STA_NP] INFO - Clicking the CRSPc01a137d-1a78-4965-8e25-231128ee0a20 Tester 
2017-05-25 23:35:41,662 [Worker#STA_NP] INFO - Clicking the Delete 
2017-05-25 23:35:42,246 [Worker#STA_NP] INFO - deletig the Adam38ce6f5c-67fe-4a78-bf33-4ea70ade1d71 Tri entry
2017-05-25 23:35:42,296 [Worker#STA_NP] INFO - Clicking the Adam38ce6f5c-67fe-4a78-bf33-4ea70ade1d71 Tri 
2017-05-25 23:35:42,393 [Worker#STA_NP] INFO - Clicking the Delete 
2017-05-25 23:35:42,766 [Worker#STA_NP] INFO - deletig the abc8c7ab427-61a0-4f1c-a1cd-488d53e94f14 abc entry
2017-05-25 23:35:42,810 [Worker#STA_NP] INFO - Clicking the abc8c7ab427-61a0-4f1c-a1cd-488d53e94f14 abc 
2017-05-25 23:35:42,911 [Worker#STA_NP] INFO - Clicking the Delete 
2017-05-25 23:35:43,461 [Worker#STA_NP] INFO - deletig the Adamcc717f80-8ada-4b54-994d-f7c89b1e6698 Tri entry
2017-05-25 23:35:43,517 [Worker#STA_NP] INFO - Clicking the Adamcc717f80-8ada-4b54-994d-f7c89b1e6698 Tri 
2017-05-25 23:35:43,612 [Worker#STA_NP] INFO - Clicking the Delete 
2017-05-25 23:35:45,809 [Worker#STA_NP] INFO - deletig the Test105c69db5-7f89-48ef-acd5-ee806735f1b6 Test123 entry
2017-05-25 23:35:46,049 [Worker#STA_NP] INFO - Clicking the Test105c69db5-7f89-48ef-acd5-ee806735f1b6 Test123 
2017-05-25 23:35:46,225 [Worker#STA_NP] INFO - Clicking the Delete 
2017-05-25 23:35:47,149 [Worker#STA_NP] INFO - deletig the Lillya95d918d-0db8-47a8-820c-7b800c9fcf51 Potter entry
2017-05-25 23:35:47,209 [Worker#STA_NP] INFO - Clicking the Lillya95d918d-0db8-47a8-820c-7b800c9fcf51 Potter 
2017-05-25 23:35:47,311 [Worker#STA_NP] INFO - Clicking the Delete 
2017-05-25 23:35:48,406 [Worker#STA_NP] INFO - deletig the Test1a3bb65a4-5bae-420f-ad9d-eedc21a96f07 Test123 entry
2017-05-25 23:35:48,467 [Worker#STA_NP] INFO - Clicking the Test1a3bb65a4-5bae-420f-ad9d-eedc21a96f07 Test123 
2017-05-25 23:35:48,568 [Worker#STA_NP] INFO - Clicking the Delete 
2017-05-25 23:35:50,135 [Worker#STA_NP] INFO - deletig the Harryef31e157-d067-4ba5-907b-7836f4e892e0 Potter entry
2017-05-25 23:35:50,197 [Worker#STA_NP] INFO - Clicking the Harryef31e157-d067-4ba5-907b-7836f4e892e0 Potter 
2017-05-25 23:35:50,301 [Worker#STA_NP] INFO - Clicking the Delete 
2017-05-25 23:35:53,084 [Worker#STA_NP] INFO - deletig the Lilly8f0f098c-0f7b-44c4-9114-ee20540a6da3 Potter entry
2017-05-25 23:35:53,149 [Worker#STA_NP] INFO - Clicking the Lilly8f0f098c-0f7b-44c4-9114-ee20540a6da3 Potter 
2017-05-25 23:35:53,259 [Worker#STA_NP] INFO - Clicking the Delete 
2017-05-25 23:35:56,338 [Worker#STA_NP] INFO - deletig the Harrye2c301dd-6e7c-4e22-b2cd-ebdfc46de4fb Potter entry
2017-05-25 23:35:56,410 [Worker#STA_NP] INFO - Clicking the Harrye2c301dd-6e7c-4e22-b2cd-ebdfc46de4fb Potter 
2017-05-25 23:35:56,523 [Worker#STA_NP] INFO - Clicking the Delete 
2017-05-25 23:36:00,240 [Worker#STA_NP] INFO - deletig the John5e9aef4b-df66-4304-ad7e-bc2379f3062e Rambo entry
2017-05-25 23:36:00,318 [Worker#STA_NP] INFO - Clicking the John5e9aef4b-df66-4304-ad7e-bc2379f3062e Rambo 
2017-05-25 23:36:00,444 [Worker#STA_NP] INFO - Clicking the Delete 
2017-05-25 23:36:04,887 [Worker#STA_NP] INFO - deletig the James22347c7c-ee6e-4eda-9907-be929e504b32 Potter entry
2017-05-25 23:36:04,956 [Worker#STA_NP] INFO - Clicking the James22347c7c-ee6e-4eda-9907-be929e504b32 Potter 
2017-05-25 23:36:05,079 [Worker#STA_NP] INFO - Clicking the Delete 
2017-05-25 23:36:10,222 [Worker#STA_NP] INFO - deletig the Harry2b46fea9-607d-4652-93a1-d08874046d78 Potter entry
2017-05-25 23:36:10,297 [Worker#STA_NP] INFO - Clicking the Harry2b46fea9-607d-4652-93a1-d08874046d78 Potter 
2017-05-25 23:36:10,436 [Worker#STA_NP] INFO - Clicking the Delete 
2017-05-25 23:36:16,739 [Worker#STA_NP] INFO - deletig the TestFirst9ddf4d87-edf9-46d0-8b58-31551bd3bdf8 TestFirst entry
2017-05-25 23:36:16,832 [Worker#STA_NP] INFO - Clicking the TestFirst9ddf4d87-edf9-46d0-8b58-31551bd3bdf8 TestFirst 
2017-05-25 23:36:16,985 [Worker#STA_NP] INFO - Clicking the Delete 
2017-05-25 23:36:24,779 [Worker#STA_NP] INFO - deletig the Harry59ea2c47-0359-450f-b945-f115335b1c18 Potter entry
2017-05-25 23:36:24,864 [Worker#STA_NP] INFO - Clicking the Harry59ea2c47-0359-450f-b945-f115335b1c18 Potter 
2017-05-25 23:36:25,010 [Worker#STA_NP] INFO - Clicking the Delete 
2017-05-25 23:36:34,446 [Worker#STA_NP] INFO - deletig the James204f5132-448c-47ff-b397-5b2376263fbe Potter entry
2017-05-25 23:36:34,535 [Worker#STA_NP] INFO - Clicking the James204f5132-448c-47ff-b397-5b2376263fbe Potter 
2017-05-25 23:36:34,697 [Worker#STA_NP] INFO - Clicking the Delete 
2017-05-25 23:36:44,728 [Worker#STA_NP] INFO - deletig the Harry66d52d5a-035f-47e8-8125-92bf5a30a6ac Potter entry
2017-05-25 23:36:44,811 [Worker#STA_NP] INFO - Clicking the Harry66d52d5a-035f-47e8-8125-92bf5a30a6ac Potter 
2017-05-25 23:36:44,967 [Worker#STA_NP] INFO - Clicking the Delete 
2017-05-25 23:36:55,508 [Worker#STA_NP] INFO - deletig the James4485b06b-8b2f-438b-8d1e-3a62a5f129cc Potter entry
2017-05-25 23:36:55,602 [Worker#STA_NP] INFO - Clicking the James4485b06b-8b2f-438b-8d1e-3a62a5f129cc Potter 
2017-05-25 23:36:55,756 [Worker#STA_NP] INFO - Clicking the Delete 
2017-05-25 23:37:08,279 [Worker#STA_NP] INFO - deletig the aa6ec7b74a-1389-4b4f-8a1a-9206a55b60d0 mm entry
2017-05-25 23:37:08,361 [Worker#STA_NP] INFO - Clicking the aa6ec7b74a-1389-4b4f-8a1a-9206a55b60d0 mm 
2017-05-25 23:37:08,531 [Worker#STA_NP] INFO - Clicking the Delete 
2017-05-25 23:37:21,985 [Worker#STA_NP] INFO - deletig the 12e635ac0b-4b4a-42c9-b21a-db8beb5cedf2 02 entry
2017-05-25 23:37:22,068 [Worker#STA_NP] INFO - Clicking the 12e635ac0b-4b4a-42c9-b21a-db8beb5cedf2 02 
2017-05-25 23:37:22,236 [Worker#STA_NP] INFO - Clicking the Delete 
2017-05-26 10:56:33,037 [Worker#STA_NP] INFO - Logger Initialized
2017-05-26 10:56:35,840 [Worker#STA_NP] INFO - Testing the frameworklogger
2017-05-26 10:56:35,840 [Worker#STA_NP] INFO - Setting the Implicit wait time to 10 seconds
2017-05-26 10:56:35,844 [Worker#STA_NP] INFO - Setting the Scripttimeout to 10 seconds
2017-05-26 10:56:38,793 [Worker#STA_NP] INFO - Setting the user.name to value Luke
2017-05-26 10:56:38,883 [Worker#STA_NP] INFO - Setting the user.password to value Skywalker
2017-05-26 10:56:39,002 [Worker#STA_NP] INFO - Clicking the Login 
2017-05-26 10:56:41,335 [Worker#STA_NP] INFO - Found 407 employees
2017-05-26 10:56:46,982 [Worker#STA_NP] INFO - deletig the SW31516caf-eee9-4890-b763-9f1b41ac2fef ss entry
2017-05-26 10:56:47,029 [Worker#STA_NP] INFO - Clicking the SW31516caf-eee9-4890-b763-9f1b41ac2fef ss 
2017-05-26 10:56:47,137 [Worker#STA_NP] INFO - Clicking the Delete 
2017-05-26 10:56:47,360 [Worker#STA_NP] INFO - deletig the Test first33f63a99-0a04-4b66-acbf-f5801f3341e4 Test last entry
2017-05-26 10:56:47,407 [Worker#STA_NP] INFO - Clicking the Test first33f63a99-0a04-4b66-acbf-f5801f3341e4 Test last 
2017-05-26 10:56:47,488 [Worker#STA_NP] INFO - Clicking the Delete 
2017-05-26 10:56:47,707 [Worker#STA_NP] INFO - deletig the Tom00UpdateName73d2dfab-62fd-4e18-aea3-c72ebf929868 Tom00LatName entry
2017-05-26 10:56:47,750 [Worker#STA_NP] INFO - Clicking the Tom00UpdateName73d2dfab-62fd-4e18-aea3-c72ebf929868 Tom00LatName 
2017-05-26 10:56:47,836 [Worker#STA_NP] INFO - Clicking the Delete 
2017-05-26 10:56:47,983 [Worker#STA_NP] INFO - deletig the SelFirst481b08f7-8cf0-4554-85c4-57a9d5e70d42 SelLast entry
2017-05-26 10:56:48,029 [Worker#STA_NP] INFO - Clicking the SelFirst481b08f7-8cf0-4554-85c4-57a9d5e70d42 SelLast 
2017-05-26 10:56:48,106 [Worker#STA_NP] INFO - Clicking the Delete 
2017-05-26 10:56:48,260 [Worker#STA_NP] INFO - deletig the 124a6d7f3d-541d-4b4e-b741-7e0cf7594968 02 entry
2017-05-26 10:56:48,306 [Worker#STA_NP] INFO - Clicking the 124a6d7f3d-541d-4b4e-b741-7e0cf7594968 02 
2017-05-26 10:56:48,388 [Worker#STA_NP] INFO - Clicking the Delete 
2017-05-26 10:56:48,521 [Worker#STA_NP] INFO - deletig the 129c056e0b-0901-429f-9271-1ea16edf4bc4 02 entry
2017-05-26 10:56:48,563 [Worker#STA_NP] INFO - Clicking the 129c056e0b-0901-429f-9271-1ea16edf4bc4 02 
2017-05-26 10:56:48,638 [Worker#STA_NP] INFO - Clicking the Delete 
2017-05-26 10:56:48,774 [Worker#STA_NP] INFO - deletig the Test1915d5344-ec48-4290-b0be-e1bd42d0a777 Test123 entry
2017-05-26 10:56:48,817 [Worker#STA_NP] INFO - Clicking the Test1915d5344-ec48-4290-b0be-e1bd42d0a777 Test123 
2017-05-26 10:56:48,901 [Worker#STA_NP] INFO - Clicking the Delete 
2017-05-26 10:56:49,036 [Worker#STA_NP] INFO - deletig the Test7509e614-a19d-49ff-8d84-7d55b52fdd56 Site entry
2017-05-26 10:56:49,078 [Worker#STA_NP] INFO - Clicking the Test7509e614-a19d-49ff-8d84-7d55b52fdd56 Site 
2017-05-26 10:56:49,151 [Worker#STA_NP] INFO - Clicking the Delete 
2017-05-26 10:56:49,282 [Worker#STA_NP] INFO - deletig the Ali2dc4c002-f0c0-47f4-a4f9-9d8ade98868d Amin entry
2017-05-26 10:56:49,323 [Worker#STA_NP] INFO - Clicking the Ali2dc4c002-f0c0-47f4-a4f9-9d8ade98868d Amin 
2017-05-26 10:56:49,411 [Worker#STA_NP] INFO - Clicking the Delete 
2017-05-26 10:56:49,545 [Worker#STA_NP] INFO - deletig the Test1e9b9fa0b-9faf-4ef8-8fea-8f4d05dc33a394c83c7c-0bba-4996-b800-67a08b7f23c2 Test123 entry
2017-05-26 10:56:49,592 [Worker#STA_NP] INFO - Clicking the Test1e9b9fa0b-9faf-4ef8-8fea-8f4d05dc33a394c83c7c-0bba-4996-b800-67a08b7f23c2 Test123 
2017-05-26 10:56:49,673 [Worker#STA_NP] INFO - Clicking the Delete 
2017-05-26 10:57:55,782 [14] INFO - Logger Initialized
2017-05-26 10:57:58,762 [14] INFO - Testing the frameworklogger
2017-05-26 10:57:58,762 [14] INFO - Setting the Implicit wait time to 10 seconds
2017-05-26 10:57:58,767 [14] INFO - Setting the Scripttimeout to 10 seconds
2017-05-26 10:58:03,618 [14] INFO - Setting the user.name to value Luke
2017-05-26 10:58:03,703 [14] INFO - Setting the user.password to value Skywalker
2017-05-26 10:58:03,831 [14] INFO - Clicking the Login 
2017-05-26 10:58:06,118 [14] INFO - Found 398 employees
2017-05-26 10:58:17,564 [14] INFO - deletig the Test1e9b9fa0b-9faf-4ef8-8fea-8f4d05dc33a394c83c7c-0bba-4996-b800-67a08b7f23c2 Test123 entry
2017-05-26 10:58:17,609 [14] INFO - Clicking the Test1e9b9fa0b-9faf-4ef8-8fea-8f4d05dc33a394c83c7c-0bba-4996-b800-67a08b7f23c2 Test123 
2017-05-26 10:58:17,714 [14] INFO - Clicking the Delete 
2017-05-26 10:58:17,920 [14] INFO - deletig the TomUpdateName8d1e725e-2232-4aba-b3d7-1f171698adcb TomLatName entry
2017-05-26 10:58:17,964 [14] INFO - Clicking the TomUpdateName8d1e725e-2232-4aba-b3d7-1f171698adcb TomLatName 
2017-05-26 10:58:18,051 [14] INFO - Clicking the Delete 
2017-05-26 10:58:18,198 [14] INFO - deletig the Testf306d963-ed96-4c66-bc8e-fe9bcff6b000 Site entry
2017-05-26 10:58:18,243 [14] INFO - Clicking the Testf306d963-ed96-4c66-bc8e-fe9bcff6b000 Site 
2017-05-26 10:58:18,326 [14] INFO - Clicking the Delete 
2017-05-26 11:01:05,935 [Worker#STA_NP] INFO - Logger Initialized
2017-05-26 11:01:08,752 [Worker#STA_NP] INFO - Testing the frameworklogger
2017-05-26 11:01:08,752 [Worker#STA_NP] INFO - Setting the Implicit wait time to 10 seconds
2017-05-26 11:01:08,756 [Worker#STA_NP] INFO - Setting the Scripttimeout to 10 seconds
2017-05-26 11:01:11,690 [Worker#STA_NP] INFO - Setting the user.name to value Luke
2017-05-26 11:01:11,779 [Worker#STA_NP] INFO - Setting the user.password to value Skywalker
2017-05-26 11:01:11,905 [Worker#STA_NP] INFO - Clicking the Login 
2017-05-26 11:01:13,209 [Worker#STA_NP] INFO - Found 397 employees
2017-05-26 11:01:19,112 [Worker#STA_NP] INFO - deletig the Testf306d963-ed96-4c66-bc8e-fe9bcff6b000 Site entry
2017-05-26 11:01:19,154 [Worker#STA_NP] INFO - Clicking the Testf306d963-ed96-4c66-bc8e-fe9bcff6b000 Site 
2017-05-26 11:01:19,301 [Worker#STA_NP] INFO - Clicking the Delete 
2017-05-26 11:01:19,479 [Worker#STA_NP] INFO - deletig the check1d64752b4-6a59-4d23-9c23-4248ccd85930 auto1 entry
2017-05-26 11:01:19,522 [Worker#STA_NP] INFO - Clicking the check1d64752b4-6a59-4d23-9c23-4248ccd85930 auto1 
2017-05-26 11:01:19,637 [Worker#STA_NP] INFO - Clicking the Delete 
2017-05-26 11:01:19,787 [Worker#STA_NP] INFO - deletig the 1222429f42-2358-4561-bcd8-0e85c151fc61 02 entry
2017-05-26 11:01:19,836 [Worker#STA_NP] INFO - Clicking the 1222429f42-2358-4561-bcd8-0e85c151fc61 02 
2017-05-26 11:01:19,943 [Worker#STA_NP] INFO - Clicking the Delete 
2017-05-26 11:01:20,156 [Worker#STA_NP] INFO - deletig the Rome0813d0f0-f8f5-40b0-a352-63ac09db04db Juli entry
2017-05-26 11:01:20,203 [Worker#STA_NP] INFO - Clicking the Rome0813d0f0-f8f5-40b0-a352-63ac09db04db Juli 
2017-05-26 11:01:20,316 [Worker#STA_NP] INFO - Clicking the Delete 
2017-05-26 11:01:21,530 [Worker#STA_NP] INFO - deletig the Tom002bffc0d30-621b-476e-9bfc-251d43fcd022 shelda entry
2017-05-26 11:01:21,576 [Worker#STA_NP] INFO - Clicking the Tom002bffc0d30-621b-476e-9bfc-251d43fcd022 shelda 
2017-05-26 11:01:21,686 [Worker#STA_NP] INFO - Clicking the Delete 
2017-05-26 11:01:21,903 [Worker#STA_NP] INFO - deletig the Romef8b3aa4f-4f07-4d76-9216-0ba60209371f Juli entry
2017-05-26 11:01:22,191 [Worker#STA_NP] INFO - Clicking the Romef8b3aa4f-4f07-4d76-9216-0ba60209371f Juli 
2017-05-26 11:01:22,310 [Worker#STA_NP] INFO - Clicking the Delete 
2017-05-26 11:01:22,567 [Worker#STA_NP] INFO - deletig the TomUpdateNamea5edeb42-6e02-41c9-82e9-3f0f2515d0e4 TomLatName entry
2017-05-26 11:01:22,624 [Worker#STA_NP] INFO - Clicking the TomUpdateNamea5edeb42-6e02-41c9-82e9-3f0f2515d0e4 TomLatName 
2017-05-26 11:01:22,746 [Worker#STA_NP] INFO - Clicking the Delete 
2017-05-26 11:01:23,730 [Worker#STA_NP] INFO - deletig the Romio4bd2d697-39d5-45fe-9117-375bf8c3d0bf Juliet entry
2017-05-26 11:01:23,789 [Worker#STA_NP] INFO - Clicking the Romio4bd2d697-39d5-45fe-9117-375bf8c3d0bf Juliet 
2017-05-26 11:01:23,895 [Worker#STA_NP] INFO - Clicking the Delete 
2017-05-26 11:01:24,415 [Worker#STA_NP] INFO - deletig the Rome94965fdc-e40c-4047-bcae-339caf832894 Juli entry
2017-05-26 11:01:24,473 [Worker#STA_NP] INFO - Clicking the Rome94965fdc-e40c-4047-bcae-339caf832894 Juli 
2017-05-26 11:01:24,584 [Worker#STA_NP] INFO - Clicking the Delete 
2017-05-26 11:01:25,088 [Worker#STA_NP] INFO - deletig the testModified446f9bb2-2384-4bd3-929a-085ab9aae3374b141e1e-b974-4496-8303-92ab5d6d5521 bannModified entry
2017-05-26 11:01:25,150 [Worker#STA_NP] INFO - Clicking the testModified446f9bb2-2384-4bd3-929a-085ab9aae3374b141e1e-b974-4496-8303-92ab5d6d5521 bannModified 
2017-05-26 11:01:25,270 [Worker#STA_NP] INFO - Clicking the Delete 
2017-05-26 11:01:26,154 [Worker#STA_NP] INFO - deletig the Tom002ef797893-b6f4-46e3-8d4b-31d32066a49e shelda entry
2017-05-26 11:01:26,212 [Worker#STA_NP] INFO - Clicking the Tom002ef797893-b6f4-46e3-8d4b-31d32066a49e shelda 
2017-05-26 11:01:26,340 [Worker#STA_NP] INFO - Clicking the Delete 
2017-05-26 11:01:27,503 [Worker#STA_NP] INFO - deletig the @WSX#$%%^&8709d204-e671-4bb1-a5b9-a1800559f811 QA$%^&*( entry
2017-05-26 11:01:27,755 [Worker#STA_NP] INFO - Clicking the @WSX#$%%^&8709d204-e671-4bb1-a5b9-a1800559f811 QA$%^&*( 
2017-05-26 11:01:27,889 [Worker#STA_NP] INFO - Clicking the Delete 
2017-05-26 11:01:29,552 [Worker#STA_NP] INFO - deletig the Tom0010a7dea8f-5457-4539-bd37-4daf56d0e5e9 Pasdid entry
2017-05-26 11:01:29,619 [Worker#STA_NP] INFO - Clicking the Tom0010a7dea8f-5457-4539-bd37-4daf56d0e5e9 Pasdid 
2017-05-26 11:01:29,744 [Worker#STA_NP] INFO - Clicking the Delete 
2017-05-26 11:01:33,323 [Worker#STA_NP] INFO - deletig the Tom00UpdateNamefd088240-29aa-4259-bd17-553ef65c6690 Tom00LatName entry
2017-05-26 11:01:33,390 [Worker#STA_NP] INFO - Clicking the Tom00UpdateNamefd088240-29aa-4259-bd17-553ef65c6690 Tom00LatName 
2017-05-26 11:01:33,531 [Worker#STA_NP] INFO - Clicking the Delete 
2017-05-26 11:01:38,635 [Worker#STA_NP] INFO - deletig the Romeb87e4ac3-7224-4a18-ba07-fe328fbb8e1e Juli entry
2017-05-26 11:01:38,716 [Worker#STA_NP] INFO - Clicking the Romeb87e4ac3-7224-4a18-ba07-fe328fbb8e1e Juli 
2017-05-26 11:01:38,905 [Worker#STA_NP] INFO - Clicking the Delete 
2017-05-26 11:01:45,322 [Worker#STA_NP] INFO - deletig the Adam4f138609-881b-4a7c-adce-34211753246d Tri entry
2017-05-26 11:01:45,401 [Worker#STA_NP] INFO - Clicking the Adam4f138609-881b-4a7c-adce-34211753246d Tri 
2017-05-26 11:01:45,575 [Worker#STA_NP] INFO - Clicking the Delete 
2017-05-26 11:01:52,674 [Worker#STA_NP] INFO - deletig the Harry45ddd12c-e69d-4368-9d8a-cc0cb67435d9 Potter entry
2017-05-26 11:01:52,763 [Worker#STA_NP] INFO - Clicking the Harry45ddd12c-e69d-4368-9d8a-cc0cb67435d9 Potter 
2017-05-26 11:01:52,991 [Worker#STA_NP] INFO - Clicking the Delete 
2017-05-26 11:02:00,356 [Worker#STA_NP] INFO - deletig the Jimmyfd4521bf-f24d-4f05-988b-f63692797fa742d07744-21f9-4f9d-81ed-5f91658d99cd Carrey entry
2017-05-26 11:02:00,430 [Worker#STA_NP] INFO - Clicking the Jimmyfd4521bf-f24d-4f05-988b-f63692797fa742d07744-21f9-4f9d-81ed-5f91658d99cd Carrey 
2017-05-26 11:02:00,603 [Worker#STA_NP] INFO - Clicking the Delete 
2017-05-26 11:02:08,923 [Worker#STA_NP] INFO - deletig the Rohithbf5dde49-7d33-4b60-a5e1-205e7026679a Reddy entry
2017-05-26 11:02:08,996 [Worker#STA_NP] INFO - Clicking the Rohithbf5dde49-7d33-4b60-a5e1-205e7026679a Reddy 
2017-05-26 11:02:09,178 [Worker#STA_NP] INFO - Clicking the Delete 
2017-05-26 11:02:18,358 [Worker#STA_NP] INFO - deletig the Test86cc1895-669c-4a9e-b601-ced97092e8da Site entry
2017-05-26 11:02:18,435 [Worker#STA_NP] INFO - Clicking the Test86cc1895-669c-4a9e-b601-ced97092e8da Site 
2017-05-26 11:02:18,599 [Worker#STA_NP] INFO - Clicking the Delete 
2017-05-26 11:02:28,913 [Worker#STA_NP] INFO - deletig the Lilly1be159ab-5805-4f60-bdb1-0b01e3b1bd99 Potter entry
2017-05-26 11:02:28,989 [Worker#STA_NP] INFO - Clicking the Lilly1be159ab-5805-4f60-bdb1-0b01e3b1bd99 Potter 
2017-05-26 11:02:29,175 [Worker#STA_NP] INFO - Clicking the Delete 
2017-05-26 11:02:40,954 [Worker#STA_NP] INFO - deletig the hdd45bd142-c835-49fd-a190-7fd9ee4f0428 jdksd entry
2017-05-26 11:02:41,035 [Worker#STA_NP] INFO - Clicking the hdd45bd142-c835-49fd-a190-7fd9ee4f0428 jdksd 
2017-05-26 11:02:41,237 [Worker#STA_NP] INFO - Clicking the Delete 
2017-05-26 11:02:53,436 [Worker#STA_NP] INFO - deletig the Lilly09074a4d-924a-4237-9174-063f5dcf5fb26ec4f88d-21ea-49b5-93e1-2686a25c0fad Potter entry
2017-05-26 11:02:53,512 [Worker#STA_NP] INFO - Clicking the Lilly09074a4d-924a-4237-9174-063f5dcf5fb26ec4f88d-21ea-49b5-93e1-2686a25c0fad Potter 
2017-05-26 11:02:53,724 [Worker#STA_NP] INFO - Clicking the Delete 
2017-05-26 11:03:08,106 [Worker#STA_NP] INFO - deletig the Harryf7a105c8-d2af-4c73-a12e-14686bfe10f7 Potter entry
2017-05-26 11:03:08,185 [Worker#STA_NP] INFO - Clicking the Harryf7a105c8-d2af-4c73-a12e-14686bfe10f7 Potter 
2017-05-26 11:03:08,397 [Worker#STA_NP] INFO - Clicking the Delete 
2017-05-26 11:03:23,915 [Worker#STA_NP] INFO - deletig the FnameTest79c0ef39-53cb-4b74-a19b-289edb1e6644 LnameTest entry
2017-05-26 11:03:24,003 [Worker#STA_NP] INFO - Clicking the FnameTest79c0ef39-53cb-4b74-a19b-289edb1e6644 LnameTest 
2017-05-26 11:03:24,221 [Worker#STA_NP] INFO - Clicking the Delete 
2017-05-26 11:03:39,598 [Worker#STA_NP] INFO - deletig the Obeda3a06696-7f78-429f-909f-4c7131f57f49 Niyibizi entry
2017-05-26 11:03:39,678 [Worker#STA_NP] INFO - Clicking the Obeda3a06696-7f78-429f-909f-4c7131f57f49 Niyibizi 
2017-05-26 11:03:39,931 [Worker#STA_NP] INFO - Clicking the Delete 
2017-05-26 11:03:59,712 [Worker#STA_NP] INFO - deletig the SelFirst49649bf2-f276-4c7c-bcb3-682ec3feff6e SelLast entry
2017-05-26 11:03:59,799 [Worker#STA_NP] INFO - Clicking the SelFirst49649bf2-f276-4c7c-bcb3-682ec3feff6e SelLast 
2017-05-26 11:04:00,026 [Worker#STA_NP] INFO - Clicking the Delete 
2017-05-26 11:04:19,223 [Worker#STA_NP] INFO - deletig the Lillyc5dd16c5-2544-4b6d-8571-ed5f9e091422 Potter entry
2017-05-26 11:04:19,303 [Worker#STA_NP] INFO - Clicking the Lillyc5dd16c5-2544-4b6d-8571-ed5f9e091422 Potter 
2017-05-26 11:04:19,551 [Worker#STA_NP] INFO - Clicking the Delete 
2017-05-26 11:04:39,556 [Worker#STA_NP] INFO - deletig the Lillya6a35674-20ba-4cd9-bbf0-ddd38f4a930094e08516-6bc8-4f24-b361-4ca2771fcb81 Potter entry
2017-05-26 11:04:39,646 [Worker#STA_NP] INFO - Clicking the Lillya6a35674-20ba-4cd9-bbf0-ddd38f4a930094e08516-6bc8-4f24-b361-4ca2771fcb81 Potter 
2017-05-26 11:04:39,975 [Worker#STA_NP] INFO - Clicking the Delete 
2017-05-26 11:05:01,106 [Worker#STA_NP] INFO - deletig the CRSPe4163728-f73a-4e46-9edd-6463e4dcf767dbfaadb3-c219-451f-bafc-58c61d638e6c Tester entry
2017-05-26 11:05:01,191 [Worker#STA_NP] INFO - Clicking the CRSPe4163728-f73a-4e46-9edd-6463e4dcf767dbfaadb3-c219-451f-bafc-58c61d638e6c Tester 
2017-05-26 11:05:01,431 [Worker#STA_NP] INFO - Clicking the Delete 
2017-05-26 11:05:32,149 [Worker#STA_NP] INFO - deletig the @WSX#$%%^&0035c65d-9b46-455c-ac5f-4a70ddee57e014861389-4dc4-47b4-9863-187cf8443d6c QA$%^&*( entry
2017-05-26 11:05:32,240 [Worker#STA_NP] INFO - Clicking the @WSX#$%%^&0035c65d-9b46-455c-ac5f-4a70ddee57e014861389-4dc4-47b4-9863-187cf8443d6c QA$%^&*( 
2017-05-26 11:05:32,545 [Worker#STA_NP] INFO - Clicking the Delete 
2017-05-26 11:06:02,647 [Worker#STA_NP] INFO - deletig the 1297be9632-368f-475e-87e3-1bac940bb55a 02 entry
2017-05-26 11:06:02,813 [Worker#STA_NP] INFO - Clicking the 1297be9632-368f-475e-87e3-1bac940bb55a 02 
2017-05-26 11:06:03,141 [Worker#STA_NP] INFO - Clicking the Delete 
2017-05-26 11:06:32,254 [Worker#STA_NP] INFO - deletig the Adamc9303b66-20d6-4450-a9d8-000763c8db9125960fef-0f5e-4b1f-9a9e-185dfbdc0f3a350cabf1-2777-45b9-8b03-c4fa93000a37 Tri entry
2017-05-26 11:06:32,344 [Worker#STA_NP] INFO - Clicking the Adamc9303b66-20d6-4450-a9d8-000763c8db9125960fef-0f5e-4b1f-9a9e-185dfbdc0f3a350cabf1-2777-45b9-8b03-c4fa93000a37 Tri 
2017-05-26 11:06:32,611 [Worker#STA_NP] INFO - Clicking the Delete 
2017-05-26 11:07:05,164 [Worker#STA_NP] INFO - deletig the TomUpdateName7c0cd9a1-1fa4-4ae3-a217-6549ed41a358 TomLatName entry
2017-05-26 11:07:05,266 [Worker#STA_NP] INFO - Clicking the TomUpdateName7c0cd9a1-1fa4-4ae3-a217-6549ed41a358 TomLatName 
2017-05-26 11:07:05,544 [Worker#STA_NP] INFO - Clicking the Delete 
2017-05-26 11:07:39,184 [Worker#STA_NP] INFO - deletig the FnameTestbee565c7-2969-4b4a-9b3e-ff3fc3d61daa LnameTest entry
2017-05-26 11:07:39,302 [Worker#STA_NP] INFO - Clicking the FnameTestbee565c7-2969-4b4a-9b3e-ff3fc3d61daa LnameTest 
2017-05-26 11:07:39,648 [Worker#STA_NP] INFO - Clicking the Delete 
2017-05-26 11:08:17,670 [Worker#STA_NP] INFO - deletig the @WSX#$%%^&f3da52cb-72ac-478a-b679-cb39c7bd3138486dfc7a-43c3-4b20-a81a-b5675798316e QA$%^&*( entry
2017-05-26 11:08:17,769 [Worker#STA_NP] INFO - Clicking the @WSX#$%%^&f3da52cb-72ac-478a-b679-cb39c7bd3138486dfc7a-43c3-4b20-a81a-b5675798316e QA$%^&*( 
2017-05-26 11:08:18,129 [Worker#STA_NP] INFO - Clicking the Delete 
2017-05-26 11:08:33,991 [Worker#STA_NP] INFO - Logger Initialized
2017-05-26 11:08:36,806 [Worker#STA_NP] INFO - Testing the frameworklogger
2017-05-26 11:08:36,806 [Worker#STA_NP] INFO - Setting the Implicit wait time to 10 seconds
2017-05-26 11:08:36,811 [Worker#STA_NP] INFO - Setting the Scripttimeout to 10 seconds
2017-05-26 11:08:39,472 [Worker#STA_NP] INFO - Setting the user.name to value Luke
2017-05-26 11:08:39,565 [Worker#STA_NP] INFO - Setting the user.password to value Skywalker
2017-05-26 11:08:39,685 [Worker#STA_NP] INFO - Clicking the Login 
2017-05-26 11:08:41,427 [Worker#STA_NP] INFO - Found 361 employees
2017-05-26 11:08:49,713 [Worker#STA_NP] INFO - deletig the 12280ed7ff-88de-4a6b-a3bc-d38744ede41d 02 entry
2017-05-26 11:08:49,757 [Worker#STA_NP] INFO - Clicking the 12280ed7ff-88de-4a6b-a3bc-d38744ede41d 02 
2017-05-26 11:08:49,922 [Worker#STA_NP] INFO - Clicking the Delete 
2017-05-26 11:08:50,107 [Worker#STA_NP] INFO - deletig the Lillybb2720c6-7dc8-4aec-8a94-404f86fa6e98 Potter entry
2017-05-26 11:08:50,149 [Worker#STA_NP] INFO - Clicking the Lillybb2720c6-7dc8-4aec-8a94-404f86fa6e98 Potter 
2017-05-26 11:08:50,254 [Worker#STA_NP] INFO - Clicking the Delete 
2017-05-26 11:08:50,385 [Worker#STA_NP] INFO - deletig the faggotbbb9df96-07e0-4db7-affa-18d324379151 ass entry
2017-05-26 11:08:50,432 [Worker#STA_NP] INFO - Clicking the faggotbbb9df96-07e0-4db7-affa-18d324379151 ass 
2017-05-26 11:08:50,550 [Worker#STA_NP] INFO - Clicking the Delete 
2017-05-26 11:08:50,688 [Worker#STA_NP] INFO - deletig the Test23abaeec-1925-4173-8a15-6f6e7363c89c Site entry
2017-05-26 11:08:50,732 [Worker#STA_NP] INFO - Clicking the Test23abaeec-1925-4173-8a15-6f6e7363c89c Site 
2017-05-26 11:08:50,840 [Worker#STA_NP] INFO - Clicking the Delete 
2017-05-26 11:09:51,707 [Worker#STA_NP] INFO - Logger Initialized
2017-05-26 11:09:54,550 [Worker#STA_NP] INFO - Testing the frameworklogger
2017-05-26 11:09:54,550 [Worker#STA_NP] INFO - Setting the Implicit wait time to 10 seconds
2017-05-26 11:09:54,554 [Worker#STA_NP] INFO - Setting the Scripttimeout to 10 seconds
2017-05-26 11:09:57,367 [Worker#STA_NP] INFO - Setting the user.name to value Luke
2017-05-26 11:09:57,467 [Worker#STA_NP] INFO - Setting the user.password to value Skywalker
2017-05-26 11:09:57,587 [Worker#STA_NP] INFO - Clicking the Login 
2017-05-26 11:09:59,334 [Worker#STA_NP] INFO - Found 357 employees
2017-05-26 11:09:59,359 [Worker#STA_NP] INFO - deletig the FnameTest LnameTest entry
2017-05-26 11:09:59,404 [Worker#STA_NP] INFO - Clicking the FnameTest LnameTest 
2017-05-26 11:09:59,560 [Worker#STA_NP] INFO - Clicking the Delete 
2017-05-26 11:09:59,720 [Worker#STA_NP] INFO - deletig the Test Test entry
2017-05-26 11:09:59,765 [Worker#STA_NP] INFO - Clicking the Test Test 
2017-05-26 11:09:59,870 [Worker#STA_NP] INFO - Clicking the Delete 
2017-05-26 11:09:59,999 [Worker#STA_NP] INFO - deletig the Sandiso Sithole entry
2017-05-26 11:10:00,050 [Worker#STA_NP] INFO - Clicking the Sandiso Sithole 
2017-05-26 11:10:00,204 [Worker#STA_NP] INFO - Clicking the Delete 
2017-05-26 11:12:32,071 [Worker#STA_NP] INFO - Logger Initialized
2017-05-26 11:12:34,900 [Worker#STA_NP] INFO - Testing the frameworklogger
2017-05-26 11:12:34,900 [Worker#STA_NP] INFO - Setting the Implicit wait time to 10 seconds
2017-05-26 11:12:34,905 [Worker#STA_NP] INFO - Setting the Scripttimeout to 10 seconds
2017-05-26 11:12:37,708 [Worker#STA_NP] INFO - Setting the user.name to value Luke
2017-05-26 11:12:37,818 [Worker#STA_NP] INFO - Setting the user.password to value Skywalker
2017-05-26 11:12:37,930 [Worker#STA_NP] INFO - Clicking the Login 
2017-05-26 11:12:39,627 [Worker#STA_NP] INFO - Found 354 employees
2017-05-26 11:12:39,650 [Worker#STA_NP] INFO - deletig the peter forest entry
2017-05-26 11:12:39,694 [Worker#STA_NP] INFO - Clicking the peter forest 
2017-05-26 11:12:39,845 [Worker#STA_NP] INFO - Clicking the Delete 
2017-05-26 11:12:40,009 [Worker#STA_NP] INFO - deletig the sertyyy s entry
2017-05-26 11:12:40,053 [Worker#STA_NP] INFO - Clicking the sertyyy s 
2017-05-26 11:12:40,156 [Worker#STA_NP] INFO - Clicking the Delete 
2017-05-26 11:12:40,284 [Worker#STA_NP] INFO - deletig the Adam Tri entry
2017-05-26 11:12:40,325 [Worker#STA_NP] INFO - Clicking the Adam Tri 
2017-05-26 11:12:40,434 [Worker#STA_NP] INFO - Clicking the Delete 
2017-05-26 11:13:00,817 [Worker#STA_NP] ERROR - Timed out after 20 seconds
2017-05-26 11:13:00,996 [Worker#STA_NP] INFO - deletig the Adam Tri entry
2017-05-26 11:13:01,041 [Worker#STA_NP] INFO - Clicking the Adam Tri 
2017-05-26 11:13:01,157 [Worker#STA_NP] INFO - Clicking the Delete 
2017-05-26 11:13:01,454 [Worker#STA_NP] INFO - deletig the Adam Tri entry
2017-05-26 11:13:01,491 [Worker#STA_NP] INFO - Clicking the Adam Tri 
2017-05-26 11:13:01,581 [Worker#STA_NP] INFO - Clicking the Delete 
2017-05-26 11:13:01,863 [Worker#STA_NP] INFO - deletig the Adam Tri entry
2017-05-26 11:13:01,895 [Worker#STA_NP] INFO - Clicking the Adam Tri 
2017-05-26 11:13:01,982 [Worker#STA_NP] INFO - Clicking the Delete 
2017-05-26 11:13:02,296 [Worker#STA_NP] INFO - deletig the Adam Tri entry
2017-05-26 11:13:02,331 [Worker#STA_NP] INFO - Clicking the Adam Tri 
2017-05-26 11:13:02,420 [Worker#STA_NP] INFO - Clicking the Delete 
2017-05-26 11:13:02,707 [Worker#STA_NP] INFO - deletig the amit kahtav entry
2017-05-26 11:13:02,761 [Worker#STA_NP] INFO - Clicking the amit kahtav 
2017-05-26 11:13:02,870 [Worker#STA_NP] INFO - Clicking the Delete 
2017-05-26 11:13:03,154 [Worker#STA_NP] INFO - deletig the Procfirst1 Proclast1 entry
2017-05-26 11:13:03,221 [Worker#STA_NP] INFO - Clicking the Procfirst1 Proclast1 
2017-05-26 11:13:03,340 [Worker#STA_NP] INFO - Clicking the Delete 
2017-05-26 11:19:27,624 [14] INFO - Logger Initialized
2017-05-26 11:19:30,575 [14] INFO - Testing the frameworklogger
2017-05-26 11:19:30,575 [14] INFO - Setting the Implicit wait time to 10 seconds
2017-05-26 11:19:30,580 [14] INFO - Setting the Scripttimeout to 10 seconds
2017-05-26 11:19:33,435 [14] INFO - Setting the user.name to value Luke
2017-05-26 11:19:33,523 [14] INFO - Setting the user.password to value Skywalker
2017-05-26 11:19:33,656 [14] INFO - Clicking the Login 
2017-05-26 11:19:35,368 [14] INFO - Found 349 employees
2017-05-26 11:19:35,392 [14] INFO - deletig the Adam Tri entry
2017-05-26 11:19:35,436 [14] INFO - Clicking the Adam Tri 
2017-05-26 11:19:35,594 [14] INFO - Clicking the Delete 
2017-05-26 11:49:21,609 [Worker#STA_NP] INFO - Logger Initialized
2017-05-26 11:49:24,484 [Worker#STA_NP] INFO - Testing the frameworklogger
2017-05-26 11:49:24,484 [Worker#STA_NP] INFO - Setting the Implicit wait time to 10 seconds
2017-05-26 11:49:24,488 [Worker#STA_NP] INFO - Setting the Scripttimeout to 10 seconds
2017-05-26 11:49:27,280 [Worker#STA_NP] INFO - Setting the user.name to value Luke
2017-05-26 11:49:27,368 [Worker#STA_NP] INFO - Setting the user.password to value Skywalker
2017-05-26 11:49:27,486 [Worker#STA_NP] INFO - Clicking the Login 
2017-05-26 11:49:28,763 [Worker#STA_NP] INFO - Found 345 employees
2017-05-26 11:49:28,787 [Worker#STA_NP] INFO - deletig the AdamappendedValue Tri entry
2017-05-26 11:49:28,831 [Worker#STA_NP] INFO - Clicking the AdamappendedValue Tri 
2017-05-26 11:49:28,986 [Worker#STA_NP] INFO - Clicking the Delete 
2017-05-26 11:49:29,138 [Worker#STA_NP] INFO - deletig the AdamappendedValue Tri entry
2017-05-26 11:49:29,172 [Worker#STA_NP] INFO - Clicking the AdamappendedValue Tri 
2017-05-26 11:49:29,255 [Worker#STA_NP] INFO - Clicking the Delete 
2017-05-26 11:49:29,384 [Worker#STA_NP] INFO - deletig the testappendedValue test entry
2017-05-26 11:49:29,426 [Worker#STA_NP] INFO - Clicking the testappendedValue test 
2017-05-26 11:49:29,543 [Worker#STA_NP] INFO - Clicking the Delete 
2017-05-26 11:49:30,364 [Worker#STA_NP] INFO - deletig the Fname Lanme entry
2017-05-26 11:49:30,420 [Worker#STA_NP] INFO - Clicking the Fname Lanme 
2017-05-26 11:49:30,533 [Worker#STA_NP] INFO - Clicking the Delete 
2017-05-26 11:49:30,713 [Worker#STA_NP] INFO - deletig the FnameTest LnameTest entry
2017-05-26 11:49:30,770 [Worker#STA_NP] INFO - Clicking the FnameTest LnameTest 
2017-05-26 11:49:30,889 [Worker#STA_NP] INFO - Clicking the Delete 
2017-05-26 11:49:31,078 [Worker#STA_NP] INFO - deletig the FnameTest LnameTest entry
2017-05-26 11:49:31,112 [Worker#STA_NP] INFO - Clicking the FnameTest LnameTest 
2017-05-26 11:49:31,199 [Worker#STA_NP] INFO - Clicking the Delete 
2017-05-26 11:50:09,629 [Worker#STA_NP] INFO - Logger Initialized
2017-05-26 11:50:12,432 [Worker#STA_NP] INFO - Testing the frameworklogger
2017-05-26 11:50:12,433 [Worker#STA_NP] INFO - Setting the Implicit wait time to 10 seconds
2017-05-26 11:50:12,437 [Worker#STA_NP] INFO - Setting the Scripttimeout to 10 seconds
2017-05-26 11:50:15,185 [Worker#STA_NP] INFO - Setting the user.name to value Luke
2017-05-26 11:50:15,275 [Worker#STA_NP] INFO - Setting the user.password to value Skywalker
2017-05-26 11:50:15,402 [Worker#STA_NP] INFO - Clicking the Login 
2017-05-26 11:50:17,104 [Worker#STA_NP] INFO - Found 342 employees
2017-05-26 11:50:17,129 [Worker#STA_NP] INFO - deletig the AdamappendedValue Tri entry
2017-05-26 11:50:17,171 [Worker#STA_NP] INFO - Clicking the AdamappendedValue Tri 
2017-05-26 11:50:17,318 [Worker#STA_NP] INFO - Clicking the Delete 
2017-05-26 11:50:17,474 [Worker#STA_NP] INFO - deletig the testappendedValue test entry
2017-05-26 11:50:17,518 [Worker#STA_NP] INFO - Clicking the testappendedValue test 
2017-05-26 11:50:17,634 [Worker#STA_NP] INFO - Clicking the Delete 
2017-05-26 11:50:17,765 [Worker#STA_NP] INFO - deletig the FnameTest LnameTest entry
2017-05-26 11:50:17,809 [Worker#STA_NP] INFO - Clicking the FnameTest LnameTest 
2017-05-26 11:50:17,924 [Worker#STA_NP] INFO - Clicking the Delete 
2017-05-26 11:50:38,280 [Worker#STA_NP] ERROR - Timed out after 20 seconds
2017-05-26 11:50:38,441 [Worker#STA_NP] INFO - deletig the 123 456 entry
2017-05-26 11:50:38,499 [Worker#STA_NP] INFO - Clicking the 123 456 
2017-05-26 11:50:38,617 [Worker#STA_NP] INFO - Clicking the Delete 
2017-05-26 11:50:38,909 [Worker#STA_NP] INFO - deletig the Test Test222 entry
2017-05-26 11:50:38,968 [Worker#STA_NP] INFO - Clicking the Test Test222 
2017-05-26 11:50:39,088 [Worker#STA_NP] INFO - Clicking the Delete 
2017-05-26 11:50:39,364 [Worker#STA_NP] INFO - deletig the Roja Alluri entry
2017-05-26 11:50:39,422 [Worker#STA_NP] INFO - Clicking the Roja Alluri 
2017-05-26 11:50:39,536 [Worker#STA_NP] INFO - Clicking the Delete 
2017-05-26 11:50:39,815 [Worker#STA_NP] INFO - deletig the FnameTest LnameTest entry
2017-05-26 11:50:39,869 [Worker#STA_NP] INFO - Clicking the FnameTest LnameTest 
2017-05-26 11:50:39,981 [Worker#STA_NP] INFO - Clicking the Delete 
2017-05-26 11:50:40,251 [Worker#STA_NP] INFO - deletig the Barck Obama entry
2017-05-26 11:50:40,326 [Worker#STA_NP] INFO - Clicking the Barck Obama 
2017-05-26 11:50:40,442 [Worker#STA_NP] INFO - Clicking the Delete 
2017-05-26 11:51:00,498 [Worker#STA_NP] ERROR - Timed out after 20 seconds
2017-05-26 11:51:01,230 [Worker#STA_NP] INFO - deletig the FnameTest LnameTest entry
2017-05-26 11:51:01,289 [Worker#STA_NP] INFO - Clicking the FnameTest LnameTest 
2017-05-26 11:51:01,414 [Worker#STA_NP] INFO - Clicking the Delete 
2017-05-26 11:51:02,355 [Worker#STA_NP] INFO - deletig the FnameTest LnameTest entry
2017-05-26 11:51:02,395 [Worker#STA_NP] INFO - Clicking the FnameTest LnameTest 
2017-05-26 11:51:02,494 [Worker#STA_NP] INFO - Clicking the Delete 
2017-05-26 11:53:38,279 [Worker#STA_NP] INFO - Logger Initialized
2017-05-26 11:53:41,093 [Worker#STA_NP] INFO - Testing the frameworklogger
2017-05-26 11:53:41,093 [Worker#STA_NP] INFO - Setting the Implicit wait time to 10 seconds
2017-05-26 11:53:41,097 [Worker#STA_NP] INFO - Setting the Scripttimeout to 10 seconds
2017-05-26 11:53:43,875 [Worker#STA_NP] INFO - Setting the user.name to value Luke
2017-05-26 11:53:43,963 [Worker#STA_NP] INFO - Setting the user.password to value Skywalker
2017-05-26 11:53:44,088 [Worker#STA_NP] INFO - Clicking the Login 
2017-05-26 11:53:45,799 [Worker#STA_NP] INFO - Found 335 employees
2017-05-26 11:53:45,824 [Worker#STA_NP] INFO - deletig the Barck Obama entry
2017-05-26 11:53:45,868 [Worker#STA_NP] INFO - Clicking the Barck Obama 
2017-05-26 11:53:46,030 [Worker#STA_NP] INFO - Clicking the Delete 
2017-05-26 11:53:46,190 [Worker#STA_NP] INFO - deletig the FnameTest LnameTest entry
2017-05-26 11:53:46,232 [Worker#STA_NP] INFO - Clicking the FnameTest LnameTest 
2017-05-26 11:53:46,344 [Worker#STA_NP] INFO - Clicking the Delete 
2017-05-26 11:53:46,471 [Worker#STA_NP] INFO - deletig the FnameTest LnameTest entry
2017-05-26 11:53:46,502 [Worker#STA_NP] INFO - Clicking the FnameTest LnameTest 
2017-05-26 11:53:46,586 [Worker#STA_NP] INFO - Clicking the Delete 
2017-05-26 11:54:06,848 [Worker#STA_NP] ERROR - Timed out after 20 seconds
2017-05-26 11:54:07,005 [Worker#STA_NP] INFO - deletig the FnameTest LnameTest entry
2017-05-26 11:54:07,051 [Worker#STA_NP] INFO - Clicking the FnameTest LnameTest 
2017-05-26 11:54:07,170 [Worker#STA_NP] INFO - Clicking the Delete 
2017-05-26 11:54:07,437 [Worker#STA_NP] INFO - deletig the FnameTest LnameTest entry
2017-05-26 11:54:07,474 [Worker#STA_NP] INFO - Clicking the FnameTest LnameTest 
2017-05-26 11:54:07,565 [Worker#STA_NP] INFO - Clicking the Delete 
2017-05-26 11:54:07,837 [Worker#STA_NP] INFO - deletig the FnameTest LnameTest entry
2017-05-26 11:54:07,886 [Worker#STA_NP] INFO - Clicking the FnameTest LnameTest 
2017-05-26 11:54:07,974 [Worker#STA_NP] INFO - Clicking the Delete 
2017-05-26 11:54:08,237 [Worker#STA_NP] INFO - deletig the FnameTest LnameTest entry
2017-05-26 11:54:08,275 [Worker#STA_NP] INFO - Clicking the FnameTest LnameTest 
2017-05-26 11:54:08,360 [Worker#STA_NP] INFO - Clicking the Delete 
2017-05-26 11:54:08,622 [Worker#STA_NP] INFO - deletig the FnameTest LnameTest entry
2017-05-26 11:54:08,656 [Worker#STA_NP] INFO - Clicking the FnameTest LnameTest 
2017-05-26 11:54:08,743 [Worker#STA_NP] INFO - Clicking the Delete 
2017-05-26 11:54:09,016 [Worker#STA_NP] INFO - deletig the FnameTest LnameTest entry
2017-05-26 11:54:09,051 [Worker#STA_NP] INFO - Clicking the FnameTest LnameTest 
2017-05-26 11:54:09,108 [Worker#STA_NP] ERROR - Delete failed
2017-05-26 12:24:17,022 [Worker#STA_NP] INFO - Logger Initialized
2017-05-26 12:24:19,823 [Worker#STA_NP] INFO - Testing the frameworklogger
2017-05-26 12:24:19,823 [Worker#STA_NP] INFO - Setting the Implicit wait time to 10 seconds
2017-05-26 12:24:19,827 [Worker#STA_NP] INFO - Setting the Scripttimeout to 10 seconds
2017-05-26 12:24:22,841 [Worker#STA_NP] INFO - Setting the user.name to value Luke
2017-05-26 12:24:22,933 [Worker#STA_NP] INFO - Setting the user.password to value Skywalker
2017-05-26 12:24:23,057 [Worker#STA_NP] INFO - Clicking the Login 
2017-05-26 12:24:24,308 [Worker#STA_NP] INFO - Found 332 employees
2017-05-26 12:24:24,332 [Worker#STA_NP] INFO - deletig the FnameTest LnameTest entry
2017-05-26 12:24:24,376 [Worker#STA_NP] INFO - Clicking the FnameTest LnameTest 
2017-05-26 12:24:24,531 [Worker#STA_NP] INFO - Clicking the Delete 
2017-05-26 12:24:24,689 [Worker#STA_NP] INFO - deletig the FnameTest LnameTest entry
2017-05-26 12:24:24,719 [Worker#STA_NP] INFO - Clicking the FnameTest LnameTest 
2017-05-26 12:24:24,803 [Worker#STA_NP] INFO - Clicking the Delete 
2017-05-26 12:24:24,933 [Worker#STA_NP] INFO - deletig the FnameTest LnameTest entry
2017-05-26 12:24:24,968 [Worker#STA_NP] INFO - Clicking the FnameTest LnameTest 
2017-05-26 12:24:25,050 [Worker#STA_NP] INFO - Clicking the Delete 
2017-05-26 12:24:25,615 [Worker#STA_NP] ERROR - Error deleting the record
2017-05-26 12:24:25,693 [Worker#STA_NP] INFO - deletig the FnameTest LnameTest entry
2017-05-26 12:24:25,941 [Worker#STA_NP] INFO - Clicking the FnameTest LnameTest 
2017-05-26 12:24:26,045 [Worker#STA_NP] INFO - Clicking the Delete 
2017-05-26 12:24:26,207 [Worker#STA_NP] INFO - deletig the FnameTest LnameTest entry
2017-05-26 12:24:26,243 [Worker#STA_NP] INFO - Clicking the FnameTest LnameTest 
2017-05-26 12:24:26,329 [Worker#STA_NP] INFO - Clicking the Delete 
2017-05-26 12:24:46,551 [Worker#STA_NP] ERROR - Timed out after 20 seconds
2017-05-26 12:24:46,738 [Worker#STA_NP] INFO - deletig the FnameTest LnameTest entry
2017-05-26 12:24:46,784 [Worker#STA_NP] INFO - Clicking the FnameTest LnameTest 
2017-05-26 12:24:46,899 [Worker#STA_NP] INFO - Clicking the Delete 
2017-05-26 12:24:47,172 [Worker#STA_NP] INFO - deletig the FnameTest LnameTest entry
2017-05-26 12:24:47,207 [Worker#STA_NP] INFO - Clicking the FnameTest LnameTest 
2017-05-26 12:24:47,298 [Worker#STA_NP] INFO - Clicking the Delete 
2017-05-26 12:24:47,560 [Worker#STA_NP] INFO - deletig the FnameTest LnameTest entry
2017-05-26 12:24:47,593 [Worker#STA_NP] INFO - Clicking the FnameTest LnameTest 
2017-05-26 12:24:47,676 [Worker#STA_NP] INFO - Clicking the Delete 
2017-05-26 12:24:47,943 [Worker#STA_NP] INFO - deletig the FnameTest LnameTest entry
2017-05-26 12:24:47,984 [Worker#STA_NP] INFO - Clicking the FnameTest LnameTest 
2017-05-26 12:24:48,071 [Worker#STA_NP] INFO - Clicking the Delete 
2017-05-26 12:24:48,323 [Worker#STA_NP] INFO - deletig the FnameTest LnameTest entry
2017-05-26 12:24:48,356 [Worker#STA_NP] INFO - Clicking the FnameTest LnameTest 
2017-05-26 12:24:48,440 [Worker#STA_NP] INFO - Clicking the Delete 
2017-05-26 12:24:48,700 [Worker#STA_NP] INFO - deletig the nskj hzsjhah entry
2017-05-26 12:24:48,754 [Worker#STA_NP] INFO - Clicking the nskj hzsjhah 
2017-05-26 12:24:48,873 [Worker#STA_NP] INFO - Clicking the Delete 
2017-05-26 12:24:49,145 [Worker#STA_NP] INFO - deletig the FnameTest LnameTest entry
2017-05-26 12:24:49,190 [Worker#STA_NP] INFO - Clicking the FnameTest LnameTest 
2017-05-26 12:24:49,222 [Worker#STA_NP] ERROR - Delete failed
2017-05-26 12:24:49,237 [Worker#STA_NP] INFO - Closing the Broswer sesion
2017-05-26 18:13:58,566 [Worker#STA_NP] INFO - Logger Initialized
2017-05-26 18:14:01,421 [Worker#STA_NP] INFO - Testing the frameworklogger
2017-05-26 18:14:01,421 [Worker#STA_NP] INFO - Setting the Implicit wait time to 10 seconds
2017-05-26 18:14:01,426 [Worker#STA_NP] INFO - Setting the Scripttimeout to 10 seconds
2017-05-26 18:14:04,333 [Worker#STA_NP] INFO - Setting the user.name to value Luke
2017-05-26 18:14:04,424 [Worker#STA_NP] INFO - Setting the user.password to value Skywalker
2017-05-26 18:14:04,543 [Worker#STA_NP] INFO - Clicking the Login 
2017-05-26 18:14:06,222 [Worker#STA_NP] INFO - Found 327 employees
2017-05-26 18:14:06,244 [Worker#STA_NP] INFO - deletig the FnameTest LnameTest entry
2017-05-26 18:14:06,285 [Worker#STA_NP] INFO - Clicking the FnameTest LnameTest 
2017-05-26 18:14:06,435 [Worker#STA_NP] INFO - Clicking the Delete 
2017-05-26 18:14:06,564 [Worker#STA_NP] INFO - Closing the Broswer sesion
2017-05-26 18:14:06,589 [Worker#STA_NP] INFO - Logging out
2017-05-26 18:14:06,633 [Worker#STA_NP] INFO - Clicking the Logout 
2017-05-26 18:14:35,565 [Worker#STA_NP] INFO - Logger Initialized
2017-05-26 18:14:38,352 [Worker#STA_NP] INFO - Testing the frameworklogger
2017-05-26 18:14:38,352 [Worker#STA_NP] INFO - Setting the Implicit wait time to 10 seconds
2017-05-26 18:14:38,356 [Worker#STA_NP] INFO - Setting the Scripttimeout to 10 seconds
2017-05-26 18:14:44,544 [Worker#STA_NP] INFO - Setting the user.name to value Luke
2017-05-26 18:14:44,634 [Worker#STA_NP] INFO - Setting the user.password to value Skywalker
2017-05-26 18:14:44,756 [Worker#STA_NP] INFO - Clicking the Login 
2017-05-26 18:14:46,976 [Worker#STA_NP] INFO - Found 327 employees
2017-05-26 18:14:47,006 [Worker#STA_NP] INFO - deletig the FnameTest LnameTest entry
2017-05-26 18:14:47,045 [Worker#STA_NP] INFO - Clicking the FnameTest LnameTest 
2017-05-26 18:14:47,198 [Worker#STA_NP] INFO - Clicking the Delete 
2017-05-26 18:14:47,329 [Worker#STA_NP] INFO - Closing the Broswer sesion
2017-05-26 18:14:47,352 [Worker#STA_NP] INFO - Logging out
2017-05-26 18:14:47,396 [Worker#STA_NP] INFO - Clicking the Logout 
2017-05-26 18:15:18,812 [Worker#STA_NP] INFO - Logger Initialized
2017-05-26 18:15:21,650 [Worker#STA_NP] INFO - Testing the frameworklogger
2017-05-26 18:15:21,650 [Worker#STA_NP] INFO - Setting the Implicit wait time to 10 seconds
2017-05-26 18:15:21,654 [Worker#STA_NP] INFO - Setting the Scripttimeout to 10 seconds
2017-05-26 18:15:24,539 [Worker#STA_NP] INFO - Setting the user.name to value Luke
2017-05-26 18:15:24,626 [Worker#STA_NP] INFO - Setting the user.password to value Skywalker
2017-05-26 18:15:24,738 [Worker#STA_NP] INFO - Clicking the Login 
2017-05-26 18:15:26,435 [Worker#STA_NP] INFO - Found 326 employees
2017-05-26 18:15:26,459 [Worker#STA_NP] INFO - deletig the FnameTest LnameTest entry
2017-05-26 18:15:26,504 [Worker#STA_NP] INFO - Clicking the FnameTest LnameTest 
2017-05-26 18:15:26,654 [Worker#STA_NP] INFO - Clicking the Delete 
2017-05-26 18:15:26,791 [Worker#STA_NP] INFO - Closing the Broswer sesion
2017-05-26 18:15:26,817 [Worker#STA_NP] INFO - Logging out
2017-05-26 18:15:26,863 [Worker#STA_NP] INFO - Clicking the Logout 
2017-05-26 18:23:19,390 [Worker#STA_NP] INFO - Logger Initialized
2017-05-26 18:23:22,240 [Worker#STA_NP] INFO - Testing the frameworklogger
2017-05-26 18:23:22,240 [Worker#STA_NP] INFO - Setting the Implicit wait time to 10 seconds
2017-05-26 18:23:22,243 [Worker#STA_NP] INFO - Setting the Scripttimeout to 10 seconds
2017-05-26 18:23:25,186 [Worker#STA_NP] INFO - Setting the user.name to value Luke
2017-05-26 18:23:25,277 [Worker#STA_NP] INFO - Setting the user.password to value Skywalker
2017-05-26 18:23:25,403 [Worker#STA_NP] INFO - Clicking the Login 
2017-05-26 18:23:27,119 [Worker#STA_NP] INFO - Found 325 employees
2017-05-26 18:23:27,143 [Worker#STA_NP] INFO - deletig the FnameTest LnameTest entry
2017-05-26 18:23:27,188 [Worker#STA_NP] INFO - Clicking the FnameTest LnameTest 
2017-05-26 18:23:27,353 [Worker#STA_NP] INFO - Clicking the Delete 
2017-05-26 18:23:27,490 [Worker#STA_NP] INFO - Closing the Broswer sesion
2017-05-26 18:23:27,515 [Worker#STA_NP] INFO - Logging out
2017-05-26 18:23:27,561 [Worker#STA_NP] INFO - Clicking the Logout 
2017-05-26 18:25:18,936 [Worker#STA_NP] INFO - Logger Initialized
2017-05-26 18:25:21,761 [Worker#STA_NP] INFO - Testing the frameworklogger
2017-05-26 18:25:21,761 [Worker#STA_NP] INFO - Setting the Implicit wait time to 10 seconds
2017-05-26 18:25:21,765 [Worker#STA_NP] INFO - Setting the Scripttimeout to 10 seconds
2017-05-26 18:25:24,720 [Worker#STA_NP] INFO - Setting the user.name to value Luke
2017-05-26 18:25:24,812 [Worker#STA_NP] INFO - Setting the user.password to value Skywalker
2017-05-26 18:25:24,933 [Worker#STA_NP] INFO - Clicking the Login 
2017-05-26 18:25:26,654 [Worker#STA_NP] INFO - Found 324 employees
2017-05-26 18:25:26,678 [Worker#STA_NP] INFO - deletig the FnameTest LnameTest entry
2017-05-26 18:25:26,718 [Worker#STA_NP] INFO - Clicking the FnameTest LnameTest 
2017-05-26 18:25:26,866 [Worker#STA_NP] INFO - Clicking the Delete 
2017-05-26 18:25:26,994 [Worker#STA_NP] INFO - Closing the Broswer sesion
2017-05-26 18:25:27,020 [Worker#STA_NP] INFO - Logging out
2017-05-26 18:25:27,064 [Worker#STA_NP] INFO - Clicking the Logout 
2017-05-26 22:47:20,693 [Worker#STA_NP] INFO - Logger Initialized
2017-05-26 22:47:23,778 [Worker#STA_NP] INFO - Testing the frameworklogger
2017-05-26 22:47:23,778 [Worker#STA_NP] INFO - Setting the Implicit wait time to 10 seconds
2017-05-26 22:47:23,782 [Worker#STA_NP] INFO - Setting the Scripttimeout to 10 seconds
2017-05-26 22:47:27,657 [Worker#STA_NP] INFO - Setting the user.name to value Luke
2017-05-26 22:47:27,772 [Worker#STA_NP] INFO - Setting the user.password to value Skywalker
2017-05-26 22:47:27,910 [Worker#STA_NP] INFO - Clicking the Login 
2017-05-26 22:47:30,911 [Worker#STA_NP] INFO - Found 324 employees
2017-05-26 22:47:30,936 [Worker#STA_NP] INFO - deletig the Adam Tri entry
2017-05-26 22:47:30,980 [Worker#STA_NP] INFO - Clicking the Adam Tri 
2017-05-26 22:47:31,144 [Worker#STA_NP] INFO - Clicking the Delete 
2017-05-26 22:47:31,298 [Worker#STA_NP] INFO - Closing the Broswer sesion
2017-05-26 22:47:31,328 [Worker#STA_NP] INFO - Logging out
2017-05-26 22:47:31,378 [Worker#STA_NP] INFO - Clicking the Logout 
